2024-04-30T18:39:37.265Z - info: Website generation started at 2:39:37 AM
2024-04-30T18:39:37.304Z - info: Building assets...
2024-04-30T18:39:37.363Z - info: Assets built
2024-04-30T18:39:37.363Z - info: Generating pages...
2024-04-30T18:39:38.464Z - error: Invalid HTML in /Users/soc/Desktop/2024/students/talksSchedule.md.
Table must have a tbody tag. Please correct this to avoid Vue hydration issues.

2024-04-30T18:39:38.464Z - error: Invalid HTML in /Users/soc/Desktop/2024/students/talksSchedule.md.
Table must have a tbody tag. Please correct this to avoid Vue hydration issues.

2024-04-30T18:39:38.464Z - error: Invalid HTML in /Users/soc/Desktop/2024/students/talksSchedule.md.
Table must have a tbody tag. Please correct this to avoid Vue hydration issues.

2024-04-30T18:39:38.465Z - error: Invalid HTML in /Users/soc/Desktop/2024/students/talksSchedule.md.
Table must have a tbody tag. Please correct this to avoid Vue hydration issues.

2024-04-30T18:39:38.465Z - error: Invalid HTML in /Users/soc/Desktop/2024/students/talksSchedule.md.
Table must have a tbody tag. Please correct this to avoid Vue hydration issues.

2024-04-30T18:39:38.465Z - error: Invalid HTML in /Users/soc/Desktop/2024/students/talksSchedule.md.
Table must have a tbody tag. Please correct this to avoid Vue hydration issues.

2024-04-30T18:39:38.465Z - error: Invalid HTML in /Users/soc/Desktop/2024/students/talksSchedule.md.
Table must have a tbody tag. Please correct this to avoid Vue hydration issues.

2024-04-30T18:39:38.465Z - error: Invalid HTML in /Users/soc/Desktop/2024/students/talksSchedule.md.
Table must have a tbody tag. Please correct this to avoid Vue hydration issues.

2024-04-30T18:39:39.217Z - info: Pages built
2024-04-30T18:39:39.288Z - info: Site data built
2024-04-30T18:39:39.289Z - info: Website generation complete! Total build time: 2.054s
2024-04-30T18:39:39.289Z - info: Build success!
